make all --print-data-base --no-builtin-variables --no-builtin-rules --question
make: *** No rule to make target 'all'.  Stop.

# GNU Make 4.2.1
# Built for x86_64-pc-linux-gnu
# Copyright (C) 1988-2016 Free Software Foundation, Inc.
# License GPLv3+: GNU GPL version 3 or later <http://gnu.org/licenses/gpl.html>
# This is free software: you are free to change and redistribute it.
# There is NO WARRANTY, to the extent permitted by law.

# Make data base, printed on Fri Jun 24 15:58:58 2022

# Variables

# automatic
<D = $(patsubst %/,%,$(dir $<))
# automatic
?F = $(notdir $?)
# default
.SHELLFLAGS := -c
# environment
XDG_SESSION_CLASS = user
# environment
VSCODE_AGENT_FOLDER = /home/hjoll6/.vscode-server
# environment
XDG_SESSION_TYPE = tty
# environment
VSCODE_LOG_NATIVE = false
# automatic
?D = $(patsubst %/,%,$(dir $?))
# automatic
@D = $(patsubst %/,%,$(dir $@))
# automatic
@F = $(notdir $@)
# default
MAKE_VERSION := 4.2.1
# makefile
CURDIR := /home/hjoll6/dot
# makefile
SHELL = /bin/sh
# environment
VSCODE_NLS_CONFIG = {"locale":"en","availableLanguages":{}}
# environment
ANTIGEN_ZSH = /home/hjoll6/.local/antigen.zsh
# environment
_ = /home/hjoll6/.vscode-server/bin/c3511e6c69bb39013c4a4b7b9566ec1ca73fc4d5/node
# makefile (from 'Makefile', line 1)
MAKEFILE_LIST :=  Makefile
# 'override' directive
GNUMAKEFLAGS := 
# environment
MAKELEVEL := 0
# environment
DBUS_SESSION_BUS_ADDRESS = unix:path=/run/user/1019/bus
# environment
VSCODE_VERBOSE_LOGGING = true
# environment
LC_CTYPE = en_US.UTF-8
# environment
ANTIGEN_BUNDLES = /home/hjoll6/.antigen/bundles
# environment
LC_NAME = ko_KR.UTF-8
# environment
VSCODE_CWD = /home/hjoll6
# environment
SSH_CONNECTION = 115.145.154.174 39308 115.145.154.182 3221
# environment
PATH = /home/hjoll6/.vscode-server/bin/c3511e6c69bb39013c4a4b7b9566ec1ca73fc4d5/bin/remote-cli:/home/hjoll6/dot/scripts:/home/hjoll6/.local/bin:/usr/local/bin:/home/hjoll6/lab/emsdk:/home/hjoll6/lab/emsdk/upstream/emscripten:/home/hjoll6/lab/emsdk/node/14.18.2_64bit/bin:/home/hjoll6/sdk/wasm-micro-runtime/product-mini/platforms/linux/build::/usr/local/cuda-11.1/bin:/usr/local/sbin:/usr/local/bin:/usr/sbin:/usr/bin:/sbin:/bin:/usr/games:/usr/local/games:/snap/bin:/home/hjoll6/.antigen/bundles/robbyrussell/oh-my-zsh/lib:/home/hjoll6/.antigen/bundles/zsh-users/zsh-syntax-highlighting
# environment
LSCOLORS = Gxfxcxdxbxegedabagacad
# environment
XDG_RUNTIME_DIR = /run/user/1019
# environment
EMSDK_NODE = /home/hjoll6/lab/emsdk/node/14.18.2_64bit/bin/node
# environment
VSCODE_LOG_STACK = false
# environment
LC_NUMERIC = ko_KR.UTF-8
# environment
VSCODE_IPC_HOOK_CLI = /run/user/1019/vscode-ipc-16935bad-903c-487f-bc8e-5f350e694455.sock
# default
.FEATURES := target-specific order-only second-expansion else-if shortest-stem undefine oneshell archives jobserver output-sync check-symlink load
# environment
LS_COLORS = 
# automatic
%F = $(notdir $%)
# environment
VSCODE_PIPE_LOGGING = true
# makefile (from 'Makefile', line 4)
APT_PKGS = build-essential python3 git automake docker net-tools curl wget neovim fonts-firacode xcape gnome-tweaks libevdev-dev
# environment
PWD = /home/hjoll6/dot
# default
.LOADED := 
# automatic
*D = $(patsubst %/,%,$(dir $*))
# environment
VSCODE_AMD_ENTRYPOINT = vs/workbench/api/node/extensionHostProcess
# environment
HOME = /home/hjoll6
# environment
LOGNAME = hjoll6
# environment
APPLICATION_INSIGHTS_NO_DIAGNOSTIC_CHANNEL = true
# automatic
+F = $(notdir $+)
# environment
VSCODE_HANDLES_UNCAUGHT_ERRORS = true
# automatic
^D = $(patsubst %/,%,$(dir $^))
# environment
LC_TIME = ko_KR.UTF-8
# default
MAKE = $(MAKE_COMMAND)
# default
MAKECMDGOALS := all
# environment
SHLVL = 1
# environment
XDG_SESSION_ID = 5
# environment
USER = hjoll6
# environment
LC_MONETARY = ko_KR.UTF-8
# makefile
.DEFAULT_GOAL := install-pkgs
# environment
LESS = -R
# automatic
%D = $(patsubst %/,%,$(dir $%))
# environment
LC_TELEPHONE = ko_KR.UTF-8
# default
MAKE_COMMAND := make
# environment
OLDPWD = /home/hjoll6
# default
.VARIABLES := 
# automatic
*F = $(notdir $*)
# makefile
MAKEFLAGS = pqrR
# environment
MFLAGS = -pqrR
# environment
SSH_CLIENT = 115.145.154.174 39308 3221
# automatic
+D = $(patsubst %/,%,$(dir $+))
# environment
BROWSER = /home/hjoll6/.vscode-server/bin/c3511e6c69bb39013c4a4b7b9566ec1ca73fc4d5/bin/helpers/browser.sh
# environment
VSCODE_HANDLES_SIGPIPE = true
# default
MAKEFILES := 
# environment
EM_CONFIG = /home/hjoll6/lab/emsdk/.emscripten
# automatic
<F = $(notdir $<)
# automatic
^F = $(notdir $^)
# environment
LC_MEASUREMENT = ko_KR.UTF-8
# environment
EDITOR = vim
# environment
PAGER = less
# environment
LC_ALL = C
# environment
LC_PAPER = ko_KR.UTF-8
# default
SUFFIXES := 
# default
.INCLUDE_DIRS = /usr/include /usr/local/include /usr/include
# environment
LC_IDENTIFICATION = ko_KR.UTF-8
# default
.RECIPEPREFIX := 
# environment
LC_ADDRESS = ko_KR.UTF-8
# default
MAKE_HOST := x86_64-pc-linux-gnu
# environment
LANG = C
# environment
EMSDK = /home/hjoll6/lab/emsdk
# environment
VSCODE_EXTHOST_WILL_SEND_SOCKET = true
# environment
MOTD_SHOWN = pam
# variable set hash-table stats:
# Load=88/1024=9%, Rehash=0, Collisions=16/118=14%

# Pattern-specific Variable Values

# No pattern-specific variable values.

# Directories

# . (device 64768, inode 11022600): 12 files, no impossibilities.

# 12 files, no impossibilities in 1 directories.

# Implicit Rules

# No implicit rules.

# Files

# Not a target:
all:
#  Command line target.
#  Implicit rule search has been done.
#  File does not exist.
#  File has not been updated.

install-pkgs:
#  Implicit rule search has not been done.
#  Modification time never checked.
#  File has not been updated.
#  recipe to execute (from 'Makefile', line 7):
	sudo apt install -y $(APT_PKGS)

# Not a target:
Makefile:
#  Implicit rule search has been done.
#  Last modified 2022-05-13 14:22:44.949489414
#  File has been updated.
#  Successfully updated.

install-dot:
#  Implicit rule search has not been done.
#  Modification time never checked.
#  File has not been updated.
#  recipe to execute (from 'Makefile', line 10):
	mkdir -p ~/.config
	for f in $(shell ls -d config/*); 	do ln -svf $(abspath $$f) ~/.config	; done
	for f in $(shell ls -d dot/.*); 	do ln -svf $(abspath $$f) ~/		; done

# Not a target:
.DEFAULT:
#  Implicit rule search has not been done.
#  Modification time never checked.
#  File has not been updated.

# files hash-table stats:
# Load=6/1024=1%, Rehash=0, Collisions=0/16=0%
# VPATH Search Paths

# No 'vpath' search paths.

# No general ('VPATH' variable) search path.

# strcache buffers: 1 (0) / strings = 19 / storage = 165 B / avg = 8 B
# current buf: size = 8162 B / used = 165 B / count = 19 / avg = 8 B

# strcache performance: lookups = 25 / hit rate = 24%
# hash-table stats:
# Load=19/8192=0%, Rehash=0, Collisions=1/25=4%
# Finished Make data base on Fri Jun 24 15:58:58 2022

 
